<?xml version="1.0" encoding="UTF-8" ?>
<testsuite tests="5" failures="2" name="stepDefintions.RunCukeTest" time="0.004" errors="0" skipped="0">
  <properties>
[...]
</properties>
  <testcase classname="Scenario: Browse Free Car tax Check website" name="Given I have registration numbers from a file" time="0.001"/>
  <testcase classname="Scenario: Browse Free Car tax Check website" name="And I navigate to &quot;https://cartaxcheck.co.uk/&quot; website" time="0"/>
  <testcase classname="Scenario: Browse Free Car tax Check website" name="When I check registration numbers" time="0"/>
  <testcase classname="Scenario: Browse Free Car tax Check website" name="Then Vehicle identity results are as expected" time="0.001">
    <failure message="
Expecting ArrayList:
 &lt;[{&quot;Registration&quot;:&quot;DN09HRM&quot;,&quot;Make&quot;:&quot;BMW&quot;,&quot;Colour&quot;:&quot;Black&quot;,&quot;Year&quot;:2009},
    {&quot;Registration&quot;:&quot;KT17DLX&quot;,&quot;Make&quot;:&quot;Skoda&quot;,&quot;Colour&quot;:&quot;White&quot;,&quot;Year&quot;:2017},
    {&quot;Registration&quot;:&quot;SG18HTN&quot;,&quot;Make&quot;:&quot;Volkswagen&quot;,&quot;Colour&quot;:&quot;White&quot;,&quot;Year&quot;:2018}]&gt;
to contain:
 &lt;[{&quot;Registration&quot;:&quot;SG18HTN&quot;,&quot;Make&quot;:&quot;Volkswagen&quot;,&quot;Colour&quot;:&quot;White&quot;,&quot;Year&quot;:2018},
    {&quot;Registration&quot;:&quot;DN09HRM&quot;,&quot;Make&quot;:&quot;BMW&quot;,&quot;Colour&quot;:&quot;Black&quot;,&quot;Year&quot;:2009},
    {&quot;Registration&quot;:&quot;BW57BOF&quot;,&quot;Make&quot;:&quot;Toyota&quot;,&quot;Colour&quot;:&quot;Black&quot;,&quot;Year&quot;:2010},
    {&quot;Registration&quot;:&quot;KT17DLX&quot;,&quot;Make&quot;:&quot;Skoda&quot;,&quot;Colour&quot;:&quot;White&quot;,&quot;Year&quot;:2017}]&gt;
but could not find the following element(s):
 &lt;[{&quot;Registration&quot;:&quot;BW57BOF&quot;,&quot;Make&quot;:&quot;Toyota&quot;,&quot;Colour&quot;:&quot;Black&quot;,&quot;Year&quot;:2010}]&gt;
" type="java.lang.AssertionError">java.lang.AssertionError: 
Expecting ArrayList:
 &lt;[{&quot;Registration&quot;:&quot;DN09HRM&quot;,&quot;Make&quot;:&quot;BMW&quot;,&quot;Colour&quot;:&quot;Black&quot;,&quot;Year&quot;:2009},
    {&quot;Registration&quot;:&quot;KT17DLX&quot;,&quot;Make&quot;:&quot;Skoda&quot;,&quot;Colour&quot;:&quot;White&quot;,&quot;Year&quot;:2017},
    {&quot;Registration&quot;:&quot;SG18HTN&quot;,&quot;Make&quot;:&quot;Volkswagen&quot;,&quot;Colour&quot;:&quot;White&quot;,&quot;Year&quot;:2018}]&gt;
to contain:
 &lt;[{&quot;Registration&quot;:&quot;SG18HTN&quot;,&quot;Make&quot;:&quot;Volkswagen&quot;,&quot;Colour&quot;:&quot;White&quot;,&quot;Year&quot;:2018},
    {&quot;Registration&quot;:&quot;DN09HRM&quot;,&quot;Make&quot;:&quot;BMW&quot;,&quot;Colour&quot;:&quot;Black&quot;,&quot;Year&quot;:2009},
    {&quot;Registration&quot;:&quot;BW57BOF&quot;,&quot;Make&quot;:&quot;Toyota&quot;,&quot;Colour&quot;:&quot;Black&quot;,&quot;Year&quot;:2010},
    {&quot;Registration&quot;:&quot;KT17DLX&quot;,&quot;Make&quot;:&quot;Skoda&quot;,&quot;Colour&quot;:&quot;White&quot;,&quot;Year&quot;:2017}]&gt;
but could not find the following element(s):
 &lt;[{&quot;Registration&quot;:&quot;BW57BOF&quot;,&quot;Make&quot;:&quot;Toyota&quot;,&quot;Colour&quot;:&quot;Black&quot;,&quot;Year&quot;:2010}]&gt;

	at stepDefintions.UserStepDefinitions.iMatchTheNumberWithFile(UserStepDefinitions.java:112)
	at ✽.Then Vehicle identity results are as expected(features/freeCarCheck.feature:7)
</failure>
  </testcase>
  <testcase classname="Scenario: Browse Free Car tax Check website" name="Scenario: Browse Free Car tax Check website" time="0.002">
    <failure message="
Expecting ArrayList:
 &lt;[{&quot;Registration&quot;:&quot;DN09HRM&quot;,&quot;Make&quot;:&quot;BMW&quot;,&quot;Colour&quot;:&quot;Black&quot;,&quot;Year&quot;:2009},
    {&quot;Registration&quot;:&quot;KT17DLX&quot;,&quot;Make&quot;:&quot;Skoda&quot;,&quot;Colour&quot;:&quot;White&quot;,&quot;Year&quot;:2017},
    {&quot;Registration&quot;:&quot;SG18HTN&quot;,&quot;Make&quot;:&quot;Volkswagen&quot;,&quot;Colour&quot;:&quot;White&quot;,&quot;Year&quot;:2018}]&gt;
to contain:
 &lt;[{&quot;Registration&quot;:&quot;SG18HTN&quot;,&quot;Make&quot;:&quot;Volkswagen&quot;,&quot;Colour&quot;:&quot;White&quot;,&quot;Year&quot;:2018},
    {&quot;Registration&quot;:&quot;DN09HRM&quot;,&quot;Make&quot;:&quot;BMW&quot;,&quot;Colour&quot;:&quot;Black&quot;,&quot;Year&quot;:2009},
    {&quot;Registration&quot;:&quot;BW57BOF&quot;,&quot;Make&quot;:&quot;Toyota&quot;,&quot;Colour&quot;:&quot;Black&quot;,&quot;Year&quot;:2010},
    {&quot;Registration&quot;:&quot;KT17DLX&quot;,&quot;Make&quot;:&quot;Skoda&quot;,&quot;Colour&quot;:&quot;White&quot;,&quot;Year&quot;:2017}]&gt;
but could not find the following element(s):
 &lt;[{&quot;Registration&quot;:&quot;BW57BOF&quot;,&quot;Make&quot;:&quot;Toyota&quot;,&quot;Colour&quot;:&quot;Black&quot;,&quot;Year&quot;:2010}]&gt;
" type="java.lang.AssertionError">java.lang.AssertionError: 
Expecting ArrayList:
 &lt;[{&quot;Registration&quot;:&quot;DN09HRM&quot;,&quot;Make&quot;:&quot;BMW&quot;,&quot;Colour&quot;:&quot;Black&quot;,&quot;Year&quot;:2009},
    {&quot;Registration&quot;:&quot;KT17DLX&quot;,&quot;Make&quot;:&quot;Skoda&quot;,&quot;Colour&quot;:&quot;White&quot;,&quot;Year&quot;:2017},
    {&quot;Registration&quot;:&quot;SG18HTN&quot;,&quot;Make&quot;:&quot;Volkswagen&quot;,&quot;Colour&quot;:&quot;White&quot;,&quot;Year&quot;:2018}]&gt;
to contain:
 &lt;[{&quot;Registration&quot;:&quot;SG18HTN&quot;,&quot;Make&quot;:&quot;Volkswagen&quot;,&quot;Colour&quot;:&quot;White&quot;,&quot;Year&quot;:2018},
    {&quot;Registration&quot;:&quot;DN09HRM&quot;,&quot;Make&quot;:&quot;BMW&quot;,&quot;Colour&quot;:&quot;Black&quot;,&quot;Year&quot;:2009},
    {&quot;Registration&quot;:&quot;BW57BOF&quot;,&quot;Make&quot;:&quot;Toyota&quot;,&quot;Colour&quot;:&quot;Black&quot;,&quot;Year&quot;:2010},
    {&quot;Registration&quot;:&quot;KT17DLX&quot;,&quot;Make&quot;:&quot;Skoda&quot;,&quot;Colour&quot;:&quot;White&quot;,&quot;Year&quot;:2017}]&gt;
but could not find the following element(s):
 &lt;[{&quot;Registration&quot;:&quot;BW57BOF&quot;,&quot;Make&quot;:&quot;Toyota&quot;,&quot;Colour&quot;:&quot;Black&quot;,&quot;Year&quot;:2010}]&gt;

	at stepDefintions.UserStepDefinitions.iMatchTheNumberWithFile(UserStepDefinitions.java:112)
	at ✽.Then Vehicle identity results are as expected(features/freeCarCheck.feature:7)
</failure>
  </testcase>
</testsuite>